<?xml version="1.0" encoding="UTF-8"?>
<testsuite name="com.pbg.tpvBackEnd.TpvBackEndApplicationTests" tests="1" skipped="0" failures="0" errors="0" timestamp="2017-09-24T10:36:31" hostname="borrego-PC" time="0.018">
  <properties/>
  <testcase name="contextLoads" classname="com.pbg.tpvBackEnd.TpvBackEndApplicationTests" time="0.018"/>
  <system-out><![CDATA[12:36:27.826 [Test worker] DEBUG org.springframework.test.context.junit4.SpringJUnit4ClassRunner - SpringJUnit4ClassRunner constructor called with [class com.pbg.tpvBackEnd.TpvBackEndApplicationTests]
12:36:27.829 [Test worker] DEBUG org.springframework.test.context.BootstrapUtils - Instantiating CacheAwareContextLoaderDelegate from class [org.springframework.test.context.cache.DefaultCacheAwareContextLoaderDelegate]
12:36:27.834 [Test worker] DEBUG org.springframework.test.context.BootstrapUtils - Instantiating BootstrapContext using constructor [public org.springframework.test.context.support.DefaultBootstrapContext(java.lang.Class,org.springframework.test.context.CacheAwareContextLoaderDelegate)]
12:36:27.843 [Test worker] DEBUG org.springframework.test.context.BootstrapUtils - Instantiating TestContextBootstrapper for test class [com.pbg.tpvBackEnd.TpvBackEndApplicationTests] from class [org.springframework.boot.test.context.SpringBootTestContextBootstrapper]
12:36:27.862 [Test worker] INFO org.springframework.boot.test.context.SpringBootTestContextBootstrapper - Neither @ContextConfiguration nor @ContextHierarchy found for test class [com.pbg.tpvBackEnd.TpvBackEndApplicationTests], using SpringBootContextLoader
12:36:27.865 [Test worker] DEBUG org.springframework.test.context.support.AbstractContextLoader - Did not detect default resource location for test class [com.pbg.tpvBackEnd.TpvBackEndApplicationTests]: class path resource [com/pbg/tpvBackEnd/TpvBackEndApplicationTests-context.xml] does not exist
12:36:27.865 [Test worker] DEBUG org.springframework.test.context.support.AbstractContextLoader - Did not detect default resource location for test class [com.pbg.tpvBackEnd.TpvBackEndApplicationTests]: class path resource [com/pbg/tpvBackEnd/TpvBackEndApplicationTestsContext.groovy] does not exist
12:36:27.865 [Test worker] INFO org.springframework.test.context.support.AbstractContextLoader - Could not detect default resource locations for test class [com.pbg.tpvBackEnd.TpvBackEndApplicationTests]: no resource found for suffixes {-context.xml, Context.groovy}.
12:36:27.866 [Test worker] INFO org.springframework.test.context.support.AnnotationConfigContextLoaderUtils - Could not detect default configuration classes for test class [com.pbg.tpvBackEnd.TpvBackEndApplicationTests]: TpvBackEndApplicationTests does not declare any static, non-private, non-final, nested classes annotated with @Configuration.
12:36:27.889 [Test worker] DEBUG org.springframework.test.context.support.ActiveProfilesUtils - Could not find an 'annotation declaring class' for annotation type [org.springframework.test.context.ActiveProfiles] and class [com.pbg.tpvBackEnd.TpvBackEndApplicationTests]
12:36:27.894 [Test worker] DEBUG org.springframework.core.env.StandardEnvironment - Adding PropertySource 'systemProperties' with lowest search precedence
12:36:27.894 [Test worker] DEBUG org.springframework.core.env.StandardEnvironment - Adding PropertySource 'systemEnvironment' with lowest search precedence
12:36:27.895 [Test worker] DEBUG org.springframework.core.env.StandardEnvironment - Initialized StandardEnvironment with PropertySources [MapPropertySource@1226036454 {name='systemProperties', properties={java.runtime.name=Java(TM) SE Runtime Environment, sun.boot.library.path=/usr/lib/jvm/java-8-oracle/jre/lib/amd64, java.vm.version=25.144-b01, java.vm.vendor=Oracle Corporation, java.vendor.url=http://java.oracle.com/, path.separator=:, java.vm.name=Java HotSpot(TM) 64-Bit Server VM, file.encoding.pkg=sun.io, sun.java.launcher=SUN_STANDARD, user.country=ES, sun.os.patch.level=unknown, java.vm.specification.name=Java Virtual Machine Specification, user.dir=/home/borrego/Documentos/tpv-BackEnd, java.runtime.version=1.8.0_144-b01, java.awt.graphicsenv=sun.awt.X11GraphicsEnvironment, java.endorsed.dirs=/usr/lib/jvm/java-8-oracle/jre/lib/endorsed, os.arch=amd64, java.io.tmpdir=/tmp, line.separator=
, java.vm.specification.vendor=Oracle Corporation, user.variant=, os.name=Linux, sun.jnu.encoding=UTF-8, java.library.path=/usr/java/packages/lib/amd64:/usr/lib64:/lib64:/lib:/usr/lib, java.specification.name=Java Platform API Specification, java.class.version=52.0, sun.management.compiler=HotSpot 64-Bit Tiered Compilers, os.version=4.10.0-33-generic, user.home=/home/borrego, user.timezone=Europe/Madrid, java.awt.printerjob=sun.print.PSPrinterJob, file.encoding=UTF-8, java.specification.version=1.8, java.class.path=/home/borrego/Documentos/tpv-BackEnd/build/classes/test:/home/borrego/Documentos/tpv-BackEnd/build/resources/test:/home/borrego/Documentos/tpv-BackEnd/build/classes/main:/home/borrego/Documentos/tpv-BackEnd/build/resources/main:/home/borrego/.gradle/caches/modules-2/files-2.1/org.mapstruct/mapstruct-jdk8/1.2.0.CR1/535a9b9c3fe0492341f5388530583b3e3c237fe/mapstruct-jdk8-1.2.0.CR1.jar:/home/borrego/.gradle/caches/modules-2/files-2.1/org.projectlombok/lombok/1.16.18/557d13dcb647038dc687390711ccb5c9b3ffbd60/lombok-1.16.18.jar:/home/borrego/.gradle/caches/modules-2/files-2.1/org.springframework.boot/spring-boot-starter-data-jpa/1.5.7.RELEASE/ccdf14487724b7c1343e5d2605f7170c026e405/spring-boot-starter-data-jpa-1.5.7.RELEASE.jar:/home/borrego/.gradle/caches/modules-2/files-2.1/org.springframework.boot/spring-boot-starter-web/1.5.7.RELEASE/a862305be8b7512a41f6768d825ed37251ccbbe0/spring-boot-starter-web-1.5.7.RELEASE.jar:/home/borrego/.gradle/caches/modules-2/files-2.1/org.springframework.boot/spring-boot-starter-security/1.5.7.RELEASE/e680aa1a8990a6e98e7a843c88f0a8bc378bb4d/spring-boot-starter-security-1.5.7.RELEASE.jar:/home/borrego/.gradle/caches/modules-2/files-2.1/io.jsonwebtoken/jjwt/0.7.0/f042fe2676bfdc2091545152e47d77e11999946d/jjwt-0.7.0.jar:/home/borrego/.gradle/caches/modules-2/files-2.1/mysql/mysql-connector-java/5.1.44/61b6b998192c85bb581c6be90e03dcd4b9079db4/mysql-connector-java-5.1.44.jar:/home/borrego/.gradle/caches/modules-2/files-2.1/org.springframework.boot/spring-boot-starter-test/1.5.7.RELEASE/d23f37a72c2d4e46aba66bc69a649213f9cadeee/spring-boot-starter-test-1.5.7.RELEASE.jar:/home/borrego/.gradle/caches/modules-2/files-2.1/org.springframework.boot/spring-boot-starter/1.5.7.RELEASE/b42fe6962dd8b3be4ac8c1d7134d0ca2d0a35c7e/spring-boot-starter-1.5.7.RELEASE.jar:/home/borrego/.gradle/caches/modules-2/files-2.1/org.springframework.boot/spring-boot-starter-aop/1.5.7.RELEASE/189098a72ccc0cca07ea42d6715c10524b5a93d1/spring-boot-starter-aop-1.5.7.RELEASE.jar:/home/borrego/.gradle/caches/modules-2/files-2.1/org.springframework.boot/spring-boot-starter-jdbc/1.5.7.RELEASE/98c652a5461ccbec70b55fd0f7815d9c9a37a082/spring-boot-starter-jdbc-1.5.7.RELEASE.jar:/home/borrego/.gradle/caches/modules-2/files-2.1/org.hibernate/hibernate-core/5.0.12.Final/e58bf1c660e6706d8e2cbb53bae110f574366102/hibernate-core-5.0.12.Final.jar:/home/borrego/.gradle/caches/modules-2/files-2.1/org.hibernate/hibernate-entitymanager/5.0.12.Final/302a526f5058290e9cbd719a5caf9f248d344719/hibernate-entitymanager-5.0.12.Final.jar:/home/borrego/.gradle/caches/modules-2/files-2.1/javax.transaction/javax.transaction-api/1.2/d81aff979d603edd90dcd8db2abc1f4ce6479e3e/javax.transaction-api-1.2.jar:/home/borrego/.gradle/caches/modules-2/files-2.1/org.springframework.data/spring-data-jpa/1.11.7.RELEASE/587051cc7d7a3ddfac6098d623a658abb2f15865/spring-data-jpa-1.11.7.RELEASE.jar:/home/borrego/.gradle/caches/modules-2/files-2.1/org.springframework/spring-aspects/4.3.11.RELEASE/38ab744d37aef58762a03dbe7ab1479070ebadc6/spring-aspects-4.3.11.RELEASE.jar:/home/borrego/.gradle/caches/modules-2/files-2.1/org.springframework.boot/spring-boot-starter-tomcat/1.5.7.RELEASE/eae533e2a0111a51d812912acb3d3e2368736d1b/spring-boot-starter-tomcat-1.5.7.RELEASE.jar:/home/borrego/.gradle/caches/modules-2/files-2.1/org.hibernate/hibernate-validator/5.3.5.Final/622a9bcef2eed6d41b5b8e0662c36212009e375/hibernate-validator-5.3.5.Final.jar:/home/borrego/.gradle/caches/modules-2/files-2.1/com.fasterxml.jackson.core/jackson-databind/2.8.10/f7b83cb2bc4b88d53961e749e1ad32f49ef017b7/jackson-databind-2.8.10.jar:/home/borrego/.gradle/caches/modules-2/files-2.1/org.springframework/spring-web/4.3.11.RELEASE/50a3dfce550bdf9459dfb2c6282aa104b040258e/spring-web-4.3.11.RELEASE.jar:/home/borrego/.gradle/caches/modules-2/files-2.1/org.springframework/spring-webmvc/4.3.11.RELEASE/814f91ec4dc324e724bbe7cbc5045b234604c539/spring-webmvc-4.3.11.RELEASE.jar:/home/borrego/.gradle/caches/modules-2/files-2.1/org.springframework/spring-aop/4.3.11.RELEASE/461d0bb58f1de30203d9331adf4b51de9554de5a/spring-aop-4.3.11.RELEASE.jar:/home/borrego/.gradle/caches/modules-2/files-2.1/org.springframework.security/spring-security-config/4.2.3.RELEASE/9f3771903616e33521836fd999d63efbfebf90d/spring-security-config-4.2.3.RELEASE.jar:/home/borrego/.gradle/caches/modules-2/files-2.1/org.springframework.security/spring-security-web/4.2.3.RELEASE/7a03e737484ca232d7146852f06d067ac21427ac/spring-security-web-4.2.3.RELEASE.jar:/home/borrego/.gradle/caches/modules-2/files-2.1/org.springframework.boot/spring-boot-test/1.5.7.RELEASE/b8d77445d48f4320f404d8f13f4e5cb95bc36b30/spring-boot-test-1.5.7.RELEASE.jar:/home/borrego/.gradle/caches/modules-2/files-2.1/org.springframework.boot/spring-boot-test-autoconfigure/1.5.7.RELEASE/8bead16b97c9f1b5fe7c47f3e030dd9351a6974d/spring-boot-test-autoconfigure-1.5.7.RELEASE.jar:/home/borrego/.gradle/caches/modules-2/files-2.1/com.jayway.jsonpath/json-path/2.2.0/22290d17944bd239fabf5ac69005a60a7ecbbbcb/json-path-2.2.0.jar:/home/borrego/.gradle/caches/modules-2/files-2.1/junit/junit/4.12/2973d150c0dc1fefe998f834810d68f278ea58ec/junit-4.12.jar:/home/borrego/.gradle/caches/modules-2/files-2.1/org.assertj/assertj-core/2.6.0/b532c3fc4f66bcfee4989a3514f1cd56203a33ad/assertj-core-2.6.0.jar:/home/borrego/.gradle/caches/modules-2/files-2.1/org.mockito/mockito-core/1.10.19/e8546f5bef4e061d8dd73895b4e8f40e3fe6effe/mockito-core-1.10.19.jar:/home/borrego/.gradle/caches/modules-2/files-2.1/org.hamcrest/hamcrest-core/1.3/42a25dc3219429f0e5d060061f71acb49bf010a0/hamcrest-core-1.3.jar:/home/borrego/.gradle/caches/modules-2/files-2.1/org.hamcrest/hamcrest-library/1.3/4785a3c21320980282f9f33d0d1264a69040538f/hamcrest-library-1.3.jar:/home/borrego/.gradle/caches/modules-2/files-2.1/org.skyscreamer/jsonassert/1.4.0/9cdbb373a06f6513e51e8c545ee6a5e981463edb/jsonassert-1.4.0.jar:/home/borrego/.gradle/caches/modules-2/files-2.1/org.springframework/spring-core/4.3.11.RELEASE/eb30ed093f628279d3aead068fd478fa343f1dad/spring-core-4.3.11.RELEASE.jar:/home/borrego/.gradle/caches/modules-2/files-2.1/org.springframework/spring-test/4.3.11.RELEASE/cf765b5d6d6bdc38c67522ecae3fe9549da43e1/spring-test-4.3.11.RELEASE.jar:/home/borrego/.gradle/caches/modules-2/files-2.1/org.springframework.boot/spring-boot/1.5.7.RELEASE/1006870df7b3dc203df7ce84463c5dd7049fdaa4/spring-boot-1.5.7.RELEASE.jar:/home/borrego/.gradle/caches/modules-2/files-2.1/org.springframework.boot/spring-boot-autoconfigure/1.5.7.RELEASE/e83f1407ff991e9e7eb156f49fa19d868bb73289/spring-boot-autoconfigure-1.5.7.RELEASE.jar:/home/borrego/.gradle/caches/modules-2/files-2.1/org.springframework.boot/spring-boot-starter-logging/1.5.7.RELEASE/c84c4ea09d7f789a0d5e936a961471e5dbd9295e/spring-boot-starter-logging-1.5.7.RELEASE.jar:/home/borrego/.gradle/caches/modules-2/files-2.1/org.yaml/snakeyaml/1.17/7a27ea250c5130b2922b86dea63cbb1cc10a660c/snakeyaml-1.17.jar:/home/borrego/.gradle/caches/modules-2/files-2.1/org.aspectj/aspectjweaver/1.8.10/e198c5fee28988c355f74e06461614eae36b2032/aspectjweaver-1.8.10.jar:/home/borrego/.gradle/caches/modules-2/files-2.1/org.apache.tomcat/tomcat-jdbc/8.5.20/10d0d288d837ddfc92096920e4571054a3934160/tomcat-jdbc-8.5.20.jar:/home/borrego/.gradle/caches/modules-2/files-2.1/org.springframework/spring-jdbc/4.3.11.RELEASE/642ed7497d327f299caccb930af6b65e229864c4/spring-jdbc-4.3.11.RELEASE.jar:/home/borrego/.gradle/caches/modules-2/files-2.1/org.jboss.logging/jboss-logging/3.3.1.Final/c46217ab74b532568c0ed31dc599db3048bd1b67/jboss-logging-3.3.1.Final.jar:/home/borrego/.gradle/caches/modules-2/files-2.1/org.hibernate.javax.persistence/hibernate-jpa-2.1-api/1.0.0.Final/5e731d961297e5a07290bfaf3db1fbc8bbbf405a/hibernate-jpa-2.1-api-1.0.0.Final.jar:/home/borrego/.gradle/caches/modules-2/files-2.1/org.javassist/javassist/3.21.0-GA/598244f595db5c5fb713731eddbb1c91a58d959b/javassist-3.21.0-GA.jar:/home/borrego/.gradle/caches/modules-2/files-2.1/antlr/antlr/2.7.7/83cd2cd674a217ade95a4bb83a8a14f351f48bd0/antlr-2.7.7.jar:/home/borrego/.gradle/caches/modules-2/files-2.1/org.jboss/jandex/2.0.0.Final/3e899258936f94649c777193e1be846387ed54b3/jandex-2.0.0.Final.jar:/home/borrego/.gradle/caches/modules-2/files-2.1/dom4j/dom4j/1.6.1/5d3ccc056b6f056dbf0dddfdf43894b9065a8f94/dom4j-1.6.1.jar:/home/borrego/.gradle/caches/modules-2/files-2.1/org.hibernate.common/hibernate-commons-annotations/5.0.1.Final/71e1cff3fcb20d3b3af4f3363c3ddb24d33c6879/hibernate-commons-annotations-5.0.1.Final.jar:/home/borrego/.gradle/caches/modules-2/files-2.1/org.springframework.data/spring-data-commons/1.13.7.RELEASE/cf4538abda1f0a9cf2323d6e4204df0130aeec73/spring-data-commons-1.13.7.RELEASE.jar:/home/borrego/.gradle/caches/modules-2/files-2.1/org.springframework/spring-orm/4.3.11.RELEASE/7ba1b25ad62b29295aa90ae88f9f35e84861953c/spring-orm-4.3.11.RELEASE.jar:/home/borrego/.gradle/caches/modules-2/files-2.1/org.springframework/spring-context/4.3.11.RELEASE/3efec2d7c7469d49108a2b21c3f15831f7297569/spring-context-4.3.11.RELEASE.jar:/home/borrego/.gradle/caches/modules-2/files-2.1/org.springframework/spring-tx/4.3.11.RELEASE/c931ee363d2269f03edfeb83d7d7fe23924ab8a1/spring-tx-4.3.11.RELEASE.jar:/home/borrego/.gradle/caches/modules-2/files-2.1/org.springframework/spring-beans/4.3.11.RELEASE/591cc35fd39292adae13f01aa13e978d0bb11936/spring-beans-4.3.11.RELEASE.jar:/home/borrego/.gradle/caches/modules-2/files-2.1/org.slf4j/slf4j-api/1.7.25/da76ca59f6a57ee3102f8f9bd9cee742973efa8a/slf4j-api-1.7.25.jar:/home/borrego/.gradle/caches/modules-2/files-2.1/org.slf4j/jcl-over-slf4j/1.7.25/f8c32b13ff142a513eeb5b6330b1588dcb2c0461/jcl-over-slf4j-1.7.25.jar:/home/borrego/.gradle/caches/modules-2/files-2.1/org.apache.tomcat.embed/tomcat-embed-core/8.5.20/b9026ee20f1f6a2b0fc3e51dd806d800901448b0/tomcat-embed-core-8.5.20.jar:/home/borrego/.gradle/caches/modules-2/files-2.1/org.apache.tomcat.embed/tomcat-embed-el/8.5.20/42960f481a8a80f4ffd3b865c2232820e3565bf1/tomcat-embed-el-8.5.20.jar:/home/borrego/.gradle/caches/modules-2/files-2.1/org.apache.tomcat.embed/tomcat-embed-websocket/8.5.20/4df9055507926a2651f691cc9964c50493a0ab29/tomcat-embed-websocket-8.5.20.jar:/home/borrego/.gradle/caches/modules-2/files-2.1/javax.validation/validation-api/1.1.0.Final/8613ae82954779d518631e05daa73a6a954817d5/validation-api-1.1.0.Final.jar:/home/borrego/.gradle/caches/modules-2/files-2.1/com.fasterxml/classmate/1.3.4/3d5f48f10bbe4eb7bd862f10c0583be2e0053c6/classmate-1.3.4.jar:/home/borrego/.gradle/caches/modules-2/files-2.1/com.fasterxml.jackson.core/jackson-annotations/2.8.0/45b426f7796b741035581a176744d91090e2e6fb/jackson-annotations-2.8.0.jar:/home/borrego/.gradle/caches/modules-2/files-2.1/com.fasterxml.jackson.core/jackson-core/2.8.10/eb21a035c66ad307e66ec8fce37f5d50fd62d039/jackson-core-2.8.10.jar:/home/borrego/.gradle/caches/modules-2/files-2.1/org.springframework/spring-expression/4.3.11.RELEASE/fca662a2fccdad90ec22b2aaecb021047dcbe249/spring-expression-4.3.11.RELEASE.jar:/home/borrego/.gradle/caches/modules-2/files-2.1/org.springframework.security/spring-security-core/4.2.3.RELEASE/5c0e47a47036c94d6fdd02696bf52be6d1adbd4d/spring-security-core-4.2.3.RELEASE.jar:/home/borrego/.gradle/caches/modules-2/files-2.1/net.minidev/json-smart/2.2.1/5b9e5df7a62d1279b70dc882b041d249c4f0b002/json-smart-2.2.1.jar:/home/borrego/.gradle/caches/modules-2/files-2.1/org.objenesis/objenesis/2.1/87c0ea803b69252868d09308b4618f766f135a96/objenesis-2.1.jar:/home/borrego/.gradle/caches/modules-2/files-2.1/com.vaadin.external.google/android-json/0.0.20131108.vaadin1/fa26d351fe62a6a17f5cda1287c1c6110dec413f/android-json-0.0.20131108.vaadin1.jar:/home/borrego/.gradle/caches/modules-2/files-2.1/ch.qos.logback/logback-classic/1.1.11/ccedfbacef4a6515d2983e3f89ed753d5d4fb665/logback-classic-1.1.11.jar:/home/borrego/.gradle/caches/modules-2/files-2.1/org.slf4j/jul-to-slf4j/1.7.25/af5364cd6679bfffb114f0dec8a157aaa283b76/jul-to-slf4j-1.7.25.jar:/home/borrego/.gradle/caches/modules-2/files-2.1/org.slf4j/log4j-over-slf4j/1.7.25/a87bb47468f47ee7aabbd54f93e133d4215769c3/log4j-over-slf4j-1.7.25.jar:/home/borrego/.gradle/caches/modules-2/files-2.1/org.apache.tomcat/tomcat-juli/8.5.20/6c0579d329696059f377585d2a51455bf083d9ee/tomcat-juli-8.5.20.jar:/home/borrego/.gradle/caches/modules-2/files-2.1/net.minidev/accessors-smart/1.1/a527213f2fea112a04c9bdf0ec0264e34104cd08/accessors-smart-1.1.jar:/home/borrego/.gradle/caches/modules-2/files-2.1/ch.qos.logback/logback-core/1.1.11/88b8df40340eed549fb07e2613879bf6b006704d/logback-core-1.1.11.jar:/home/borrego/.gradle/caches/modules-2/files-2.1/org.ow2.asm/asm/5.0.3/dcc2193db20e19e1feca8b1240dbbc4e190824fa/asm-5.0.3.jar, user.name=borrego, java.vm.specification.version=1.8, sun.java.command=worker.org.gradle.process.internal.worker.GradleWorkerMain 'Gradle Test Executor 1', java.home=/usr/lib/jvm/java-8-oracle/jre, sun.arch.data.model=64, user.language=es, java.specification.vendor=Oracle Corporation, awt.toolkit=sun.awt.X11.XToolkit, java.vm.info=mixed mode, java.version=1.8.0_144, java.ext.dirs=/usr/lib/jvm/java-8-oracle/jre/lib/ext:/usr/java/packages/lib/ext, sun.boot.class.path=/usr/lib/jvm/java-8-oracle/jre/lib/resources.jar:/usr/lib/jvm/java-8-oracle/jre/lib/rt.jar:/usr/lib/jvm/java-8-oracle/jre/lib/sunrsasign.jar:/usr/lib/jvm/java-8-oracle/jre/lib/jsse.jar:/usr/lib/jvm/java-8-oracle/jre/lib/jce.jar:/usr/lib/jvm/java-8-oracle/jre/lib/charsets.jar:/usr/lib/jvm/java-8-oracle/jre/lib/jfr.jar:/usr/lib/jvm/java-8-oracle/jre/classes, java.vendor=Oracle Corporation, org.gradle.test.worker=1, file.separator=/, java.vendor.url.bug=http://bugreport.sun.com/bugreport/, sun.io.unicode.encoding=UnicodeLittle, sun.cpu.endian=little, sun.desktop=gnome, sun.cpu.isalist=}}, SystemEnvironmentPropertySource@1321335773 {name='systemEnvironment', properties={PATH=/usr/local/sbin:/usr/local/bin:/usr/sbin:/usr/bin:/sbin:/bin:/usr/games:/usr/local/games:/snap/bin:/usr/lib/jvm/java-8-oracle/bin:/usr/lib/jvm/java-8-oracle/db/bin:/usr/lib/jvm/java-8-oracle/jre/bin, XAUTHORITY=/home/borrego/.Xauthority, INVOCATION_ID=dd04a09e624f4e30b2356f3f7019feb5, XMODIFIERS=@im=ibus, XDG_DATA_DIRS=/usr/share/ubuntu:/usr/local/share/:/usr/share/:/var/lib/snapd/desktop, GDMSESSION=ubuntu, MANDATORY_PATH=/usr/share/gconf/ubuntu.mandatory.path, GTK_IM_MODULE=ibus, DBUS_SESSION_BUS_ADDRESS=unix:path=/run/user/1000/bus, DEFAULTS_PATH=/usr/share/gconf/ubuntu.default.path, XDG_CURRENT_DESKTOP=Unity:Unity7, JOURNAL_STREAM=8:24371, LIBGL_ALWAYS_SOFTWARE=1, COLORTERM=truecolor, QT4_IM_MODULE=xim, QT_LINUX_ACCESSIBILITY_ALWAYS_ON=1, LOGNAME=borrego, PWD=/home/borrego/Documentos/tpv-BackEnd, MANAGERPID=1467, DERBY_HOME=/usr/lib/jvm/java-8-oracle/db, IM_CONFIG_PHASE=1, LANGUAGE=es, WINDOWID=65011718, SHELL=/bin/bash, LESSOPEN=| /usr/bin/lesspipe %s, GTK2_MODULES=overlay-scrollbar, J2SDKDIR=/usr/lib/jvm/java-8-oracle, OLDPWD=/home/borrego/Documentos/tpv-BackEnd, GNOME_DESKTOP_SESSION_ID=this-is-deprecated, GTK_MODULES=gail:atk-bridge, J2REDIR=/usr/lib/jvm/java-8-oracle/jre, CLUTTER_IM_MODULE=xim, XDG_SESSION_PATH=/org/freedesktop/DisplayManager/Session0, XDG_SESSION_DESKTOP=ubuntu, LS_COLORS=rs=0:di=01;34:ln=01;36:mh=00:pi=40;33:so=01;35:do=01;35:bd=40;33;01:cd=40;33;01:or=40;31;01:mi=00:su=37;41:sg=30;43:ca=30;41:tw=30;42:ow=34;42:st=37;44:ex=01;32:*.tar=01;31:*.tgz=01;31:*.arc=01;31:*.arj=01;31:*.taz=01;31:*.lha=01;31:*.lz4=01;31:*.lzh=01;31:*.lzma=01;31:*.tlz=01;31:*.txz=01;31:*.tzo=01;31:*.t7z=01;31:*.zip=01;31:*.z=01;31:*.Z=01;31:*.dz=01;31:*.gz=01;31:*.lrz=01;31:*.lz=01;31:*.lzo=01;31:*.xz=01;31:*.zst=01;31:*.tzst=01;31:*.bz2=01;31:*.bz=01;31:*.tbz=01;31:*.tbz2=01;31:*.tz=01;31:*.deb=01;31:*.rpm=01;31:*.jar=01;31:*.war=01;31:*.ear=01;31:*.sar=01;31:*.rar=01;31:*.alz=01;31:*.ace=01;31:*.zoo=01;31:*.cpio=01;31:*.7z=01;31:*.rz=01;31:*.cab=01;31:*.jpg=01;35:*.jpeg=01;35:*.mjpg=01;35:*.mjpeg=01;35:*.gif=01;35:*.bmp=01;35:*.pbm=01;35:*.pgm=01;35:*.ppm=01;35:*.tga=01;35:*.xbm=01;35:*.xpm=01;35:*.tif=01;35:*.tiff=01;35:*.png=01;35:*.svg=01;35:*.svgz=01;35:*.mng=01;35:*.pcx=01;35:*.mov=01;35:*.mpg=01;35:*.mpeg=01;35:*.m2v=01;35:*.mkv=01;35:*.webm=01;35:*.ogm=01;35:*.mp4=01;35:*.m4v=01;35:*.mp4v=01;35:*.vob=01;35:*.qt=01;35:*.nuv=01;35:*.wmv=01;35:*.asf=01;35:*.rm=01;35:*.rmvb=01;35:*.flc=01;35:*.avi=01;35:*.fli=01;35:*.flv=01;35:*.gl=01;35:*.dl=01;35:*.xcf=01;35:*.xwd=01;35:*.yuv=01;35:*.cgm=01;35:*.emf=01;35:*.ogv=01;35:*.ogx=01;35:*.aac=00;36:*.au=00;36:*.flac=00;36:*.m4a=00;36:*.mid=00;36:*.midi=00;36:*.mka=00;36:*.mp3=00;36:*.mpc=00;36:*.ogg=00;36:*.ra=00;36:*.wav=00;36:*.oga=00;36:*.opus=00;36:*.spx=00;36:*.xspf=00;36:, SSH_AGENT_LAUNCHER=gnome-keyring, SHLVL=2, LESSCLOSE=/usr/bin/lesspipe %s %s, COMPIZ_CONFIG_PROFILE=ubuntu, QT_IM_MODULE=ibus, JAVA_HOME=/usr/lib/jvm/java-8-oracle, TERM=xterm-256color, XFILESEARCHPATH=/usr/dt/app-defaults/%L/Dt, XDG_CONFIG_DIRS=/etc/xdg/xdg-ubuntu:/etc/xdg, LANG=es_ES.UTF-8, XDG_SEAT_PATH=/org/freedesktop/DisplayManager/Seat0, XDG_SESSION_TYPE=x11, DISPLAY=:0, _=./gradlew, GDM_LANG=es, XDG_GREETER_DATA_DIR=/var/lib/lightdm-data/borrego, DESKTOP_SESSION=ubuntu, USER=borrego, VTE_VERSION=4402, QT_ACCESSIBILITY=1, SSH_AUTH_SOCK=/run/user/1000/keyring/ssh, NLSPATH=/usr/dt/lib/nls/msg/%L/%N.cat, XDG_RUNTIME_DIR=/run/user/1000, HOME=/home/borrego}}]
12:36:27.905 [Test worker] DEBUG org.springframework.core.io.support.PathMatchingResourcePatternResolver - Resolved classpath location [com/pbg/tpvBackEnd/] to resources [URL [file:/home/borrego/Documentos/tpv-BackEnd/build/classes/test/com/pbg/tpvBackEnd/], URL [file:/home/borrego/Documentos/tpv-BackEnd/build/classes/main/com/pbg/tpvBackEnd/]]
12:36:27.905 [Test worker] DEBUG org.springframework.core.io.support.PathMatchingResourcePatternResolver - Looking for matching resources in directory tree [/home/borrego/Documentos/tpv-BackEnd/build/classes/test/com/pbg/tpvBackEnd]
12:36:27.905 [Test worker] DEBUG org.springframework.core.io.support.PathMatchingResourcePatternResolver - Searching directory [/home/borrego/Documentos/tpv-BackEnd/build/classes/test/com/pbg/tpvBackEnd] for files matching pattern [/home/borrego/Documentos/tpv-BackEnd/build/classes/test/com/pbg/tpvBackEnd/*.class]
12:36:27.907 [Test worker] DEBUG org.springframework.core.io.support.PathMatchingResourcePatternResolver - Looking for matching resources in directory tree [/home/borrego/Documentos/tpv-BackEnd/build/classes/main/com/pbg/tpvBackEnd]
12:36:27.907 [Test worker] DEBUG org.springframework.core.io.support.PathMatchingResourcePatternResolver - Searching directory [/home/borrego/Documentos/tpv-BackEnd/build/classes/main/com/pbg/tpvBackEnd] for files matching pattern [/home/borrego/Documentos/tpv-BackEnd/build/classes/main/com/pbg/tpvBackEnd/*.class]
12:36:27.908 [Test worker] DEBUG org.springframework.core.io.support.PathMatchingResourcePatternResolver - Resolved location pattern [classpath*:com/pbg/tpvBackEnd/*.class] to resources [file [/home/borrego/Documentos/tpv-BackEnd/build/classes/test/com/pbg/tpvBackEnd/TpvBackEndApplicationTests.class], file [/home/borrego/Documentos/tpv-BackEnd/build/classes/main/com/pbg/tpvBackEnd/TpvBackEndApplication.class]]
12:36:27.939 [Test worker] DEBUG org.springframework.context.annotation.ClassPathScanningCandidateComponentProvider - Identified candidate component class: file [/home/borrego/Documentos/tpv-BackEnd/build/classes/main/com/pbg/tpvBackEnd/TpvBackEndApplication.class]
12:36:27.940 [Test worker] INFO org.springframework.boot.test.context.SpringBootTestContextBootstrapper - Found @SpringBootConfiguration com.pbg.tpvBackEnd.TpvBackEndApplication for test class com.pbg.tpvBackEnd.TpvBackEndApplicationTests
12:36:27.942 [Test worker] DEBUG org.springframework.boot.test.context.SpringBootTestContextBootstrapper - @TestExecutionListeners is not present for class [com.pbg.tpvBackEnd.TpvBackEndApplicationTests]: using defaults.
12:36:27.945 [Test worker] INFO org.springframework.boot.test.context.SpringBootTestContextBootstrapper - Loaded default TestExecutionListener class names from location [META-INF/spring.factories]: [org.springframework.boot.test.mock.mockito.MockitoTestExecutionListener, org.springframework.boot.test.mock.mockito.ResetMocksTestExecutionListener, org.springframework.boot.test.autoconfigure.restdocs.RestDocsTestExecutionListener, org.springframework.boot.test.autoconfigure.web.client.MockRestServiceServerResetTestExecutionListener, org.springframework.boot.test.autoconfigure.web.servlet.MockMvcPrintOnlyOnFailureTestExecutionListener, org.springframework.boot.test.autoconfigure.web.servlet.WebDriverTestExecutionListener, org.springframework.test.context.web.ServletTestExecutionListener, org.springframework.test.context.support.DirtiesContextBeforeModesTestExecutionListener, org.springframework.test.context.support.DependencyInjectionTestExecutionListener, org.springframework.test.context.support.DirtiesContextTestExecutionListener, org.springframework.test.context.transaction.TransactionalTestExecutionListener, org.springframework.test.context.jdbc.SqlScriptsTestExecutionListener]
12:36:27.957 [Test worker] INFO org.springframework.boot.test.context.SpringBootTestContextBootstrapper - Using TestExecutionListeners: [org.springframework.test.context.web.ServletTestExecutionListener@3e3f682b, org.springframework.test.context.support.DirtiesContextBeforeModesTestExecutionListener@7d55f01, org.springframework.boot.test.autoconfigure.SpringBootDependencyInjectionTestExecutionListener@24beaaa0, org.springframework.test.context.support.DirtiesContextTestExecutionListener@4b6b41b6, org.springframework.test.context.transaction.TransactionalTestExecutionListener@ed006c0, org.springframework.test.context.jdbc.SqlScriptsTestExecutionListener@23d06d4c, org.springframework.boot.test.autoconfigure.web.servlet.WebDriverTestExecutionListener@726a383c, org.springframework.boot.test.mock.mockito.ResetMocksTestExecutionListener@631db136, org.springframework.boot.test.autoconfigure.web.client.MockRestServiceServerResetTestExecutionListener@6df54d93, org.springframework.boot.test.autoconfigure.restdocs.RestDocsTestExecutionListener@4d6fe76c, org.springframework.boot.test.autoconfigure.web.servlet.MockMvcPrintOnlyOnFailureTestExecutionListener@6e678d25, org.springframework.boot.test.mock.mockito.MockitoTestExecutionListener@60fd15de]
12:36:27.959 [Test worker] DEBUG org.springframework.test.annotation.ProfileValueUtils - Retrieved @ProfileValueSourceConfiguration [null] for test class [com.pbg.tpvBackEnd.TpvBackEndApplicationTests]
12:36:27.959 [Test worker] DEBUG org.springframework.test.annotation.ProfileValueUtils - Retrieved ProfileValueSource type [class org.springframework.test.annotation.SystemProfileValueSource] for class [com.pbg.tpvBackEnd.TpvBackEndApplicationTests]
12:36:27.959 [Test worker] DEBUG org.springframework.test.annotation.ProfileValueUtils - Retrieved @ProfileValueSourceConfiguration [null] for test class [com.pbg.tpvBackEnd.TpvBackEndApplicationTests]
12:36:27.959 [Test worker] DEBUG org.springframework.test.annotation.ProfileValueUtils - Retrieved ProfileValueSource type [class org.springframework.test.annotation.SystemProfileValueSource] for class [com.pbg.tpvBackEnd.TpvBackEndApplicationTests]
12:36:27.962 [Test worker] DEBUG org.springframework.test.context.support.AbstractDirtiesContextTestExecutionListener - Before test class: context [DefaultTestContext@5d7521aa testClass = TpvBackEndApplicationTests, testInstance = [null], testMethod = [null], testException = [null], mergedContextConfiguration = [WebMergedContextConfiguration@2aa03bc5 testClass = TpvBackEndApplicationTests, locations = '{}', classes = '{class com.pbg.tpvBackEnd.TpvBackEndApplication}', contextInitializerClasses = '[]', activeProfiles = '{}', propertySourceLocations = '{}', propertySourceProperties = '{org.springframework.boot.test.context.SpringBootTestContextBootstrapper=true}', contextCustomizers = set[org.springframework.boot.test.context.SpringBootTestContextCustomizer@38239d3e, org.springframework.boot.test.context.filter.ExcludeFilterContextCustomizer@5faa4514, org.springframework.boot.test.json.DuplicateJsonObjectContextCustomizerFactory$DuplicateJsonObjectContextCustomizer@66bd3dcc, org.springframework.boot.test.mock.mockito.MockitoContextCustomizer@0, org.springframework.boot.test.autoconfigure.properties.PropertyMappingContextCustomizer@0, org.springframework.boot.test.autoconfigure.web.servlet.WebDriverContextCustomizerFactory$Customizer@7c5f108a], resourceBasePath = 'src/main/webapp', contextLoader = 'org.springframework.boot.test.context.SpringBootContextLoader', parent = [null]]], class annotated with @DirtiesContext [false] with mode [null].
12:36:27.963 [Test worker] DEBUG org.springframework.test.annotation.ProfileValueUtils - Retrieved @ProfileValueSourceConfiguration [null] for test class [com.pbg.tpvBackEnd.TpvBackEndApplicationTests]
12:36:27.963 [Test worker] DEBUG org.springframework.test.annotation.ProfileValueUtils - Retrieved ProfileValueSource type [class org.springframework.test.annotation.SystemProfileValueSource] for class [com.pbg.tpvBackEnd.TpvBackEndApplicationTests]
12:36:28.002 [Test worker] DEBUG org.springframework.core.env.StandardEnvironment - Adding PropertySource 'systemProperties' with lowest search precedence
12:36:28.002 [Test worker] DEBUG org.springframework.core.env.StandardEnvironment - Adding PropertySource 'systemEnvironment' with lowest search precedence
12:36:28.003 [Test worker] DEBUG org.springframework.core.env.StandardEnvironment - Initialized StandardEnvironment with PropertySources [MapPropertySource@1453713565 {name='systemProperties', properties={java.runtime.name=Java(TM) SE Runtime Environment, sun.boot.library.path=/usr/lib/jvm/java-8-oracle/jre/lib/amd64, java.vm.version=25.144-b01, java.vm.vendor=Oracle Corporation, java.vendor.url=http://java.oracle.com/, path.separator=:, java.vm.name=Java HotSpot(TM) 64-Bit Server VM, file.encoding.pkg=sun.io, sun.java.launcher=SUN_STANDARD, user.country=ES, sun.os.patch.level=unknown, java.vm.specification.name=Java Virtual Machine Specification, user.dir=/home/borrego/Documentos/tpv-BackEnd, java.runtime.version=1.8.0_144-b01, java.awt.graphicsenv=sun.awt.X11GraphicsEnvironment, java.endorsed.dirs=/usr/lib/jvm/java-8-oracle/jre/lib/endorsed, os.arch=amd64, java.io.tmpdir=/tmp, line.separator=
, java.vm.specification.vendor=Oracle Corporation, user.variant=, os.name=Linux, sun.jnu.encoding=UTF-8, java.library.path=/usr/java/packages/lib/amd64:/usr/lib64:/lib64:/lib:/usr/lib, java.specification.name=Java Platform API Specification, java.class.version=52.0, sun.management.compiler=HotSpot 64-Bit Tiered Compilers, os.version=4.10.0-33-generic, user.home=/home/borrego, user.timezone=Europe/Madrid, java.awt.printerjob=sun.print.PSPrinterJob, file.encoding=UTF-8, java.specification.version=1.8, java.class.path=/home/borrego/Documentos/tpv-BackEnd/build/classes/test:/home/borrego/Documentos/tpv-BackEnd/build/resources/test:/home/borrego/Documentos/tpv-BackEnd/build/classes/main:/home/borrego/Documentos/tpv-BackEnd/build/resources/main:/home/borrego/.gradle/caches/modules-2/files-2.1/org.mapstruct/mapstruct-jdk8/1.2.0.CR1/535a9b9c3fe0492341f5388530583b3e3c237fe/mapstruct-jdk8-1.2.0.CR1.jar:/home/borrego/.gradle/caches/modules-2/files-2.1/org.projectlombok/lombok/1.16.18/557d13dcb647038dc687390711ccb5c9b3ffbd60/lombok-1.16.18.jar:/home/borrego/.gradle/caches/modules-2/files-2.1/org.springframework.boot/spring-boot-starter-data-jpa/1.5.7.RELEASE/ccdf14487724b7c1343e5d2605f7170c026e405/spring-boot-starter-data-jpa-1.5.7.RELEASE.jar:/home/borrego/.gradle/caches/modules-2/files-2.1/org.springframework.boot/spring-boot-starter-web/1.5.7.RELEASE/a862305be8b7512a41f6768d825ed37251ccbbe0/spring-boot-starter-web-1.5.7.RELEASE.jar:/home/borrego/.gradle/caches/modules-2/files-2.1/org.springframework.boot/spring-boot-starter-security/1.5.7.RELEASE/e680aa1a8990a6e98e7a843c88f0a8bc378bb4d/spring-boot-starter-security-1.5.7.RELEASE.jar:/home/borrego/.gradle/caches/modules-2/files-2.1/io.jsonwebtoken/jjwt/0.7.0/f042fe2676bfdc2091545152e47d77e11999946d/jjwt-0.7.0.jar:/home/borrego/.gradle/caches/modules-2/files-2.1/mysql/mysql-connector-java/5.1.44/61b6b998192c85bb581c6be90e03dcd4b9079db4/mysql-connector-java-5.1.44.jar:/home/borrego/.gradle/caches/modules-2/files-2.1/org.springframework.boot/spring-boot-starter-test/1.5.7.RELEASE/d23f37a72c2d4e46aba66bc69a649213f9cadeee/spring-boot-starter-test-1.5.7.RELEASE.jar:/home/borrego/.gradle/caches/modules-2/files-2.1/org.springframework.boot/spring-boot-starter/1.5.7.RELEASE/b42fe6962dd8b3be4ac8c1d7134d0ca2d0a35c7e/spring-boot-starter-1.5.7.RELEASE.jar:/home/borrego/.gradle/caches/modules-2/files-2.1/org.springframework.boot/spring-boot-starter-aop/1.5.7.RELEASE/189098a72ccc0cca07ea42d6715c10524b5a93d1/spring-boot-starter-aop-1.5.7.RELEASE.jar:/home/borrego/.gradle/caches/modules-2/files-2.1/org.springframework.boot/spring-boot-starter-jdbc/1.5.7.RELEASE/98c652a5461ccbec70b55fd0f7815d9c9a37a082/spring-boot-starter-jdbc-1.5.7.RELEASE.jar:/home/borrego/.gradle/caches/modules-2/files-2.1/org.hibernate/hibernate-core/5.0.12.Final/e58bf1c660e6706d8e2cbb53bae110f574366102/hibernate-core-5.0.12.Final.jar:/home/borrego/.gradle/caches/modules-2/files-2.1/org.hibernate/hibernate-entitymanager/5.0.12.Final/302a526f5058290e9cbd719a5caf9f248d344719/hibernate-entitymanager-5.0.12.Final.jar:/home/borrego/.gradle/caches/modules-2/files-2.1/javax.transaction/javax.transaction-api/1.2/d81aff979d603edd90dcd8db2abc1f4ce6479e3e/javax.transaction-api-1.2.jar:/home/borrego/.gradle/caches/modules-2/files-2.1/org.springframework.data/spring-data-jpa/1.11.7.RELEASE/587051cc7d7a3ddfac6098d623a658abb2f15865/spring-data-jpa-1.11.7.RELEASE.jar:/home/borrego/.gradle/caches/modules-2/files-2.1/org.springframework/spring-aspects/4.3.11.RELEASE/38ab744d37aef58762a03dbe7ab1479070ebadc6/spring-aspects-4.3.11.RELEASE.jar:/home/borrego/.gradle/caches/modules-2/files-2.1/org.springframework.boot/spring-boot-starter-tomcat/1.5.7.RELEASE/eae533e2a0111a51d812912acb3d3e2368736d1b/spring-boot-starter-tomcat-1.5.7.RELEASE.jar:/home/borrego/.gradle/caches/modules-2/files-2.1/org.hibernate/hibernate-validator/5.3.5.Final/622a9bcef2eed6d41b5b8e0662c36212009e375/hibernate-validator-5.3.5.Final.jar:/home/borrego/.gradle/caches/modules-2/files-2.1/com.fasterxml.jackson.core/jackson-databind/2.8.10/f7b83cb2bc4b88d53961e749e1ad32f49ef017b7/jackson-databind-2.8.10.jar:/home/borrego/.gradle/caches/modules-2/files-2.1/org.springframework/spring-web/4.3.11.RELEASE/50a3dfce550bdf9459dfb2c6282aa104b040258e/spring-web-4.3.11.RELEASE.jar:/home/borrego/.gradle/caches/modules-2/files-2.1/org.springframework/spring-webmvc/4.3.11.RELEASE/814f91ec4dc324e724bbe7cbc5045b234604c539/spring-webmvc-4.3.11.RELEASE.jar:/home/borrego/.gradle/caches/modules-2/files-2.1/org.springframework/spring-aop/4.3.11.RELEASE/461d0bb58f1de30203d9331adf4b51de9554de5a/spring-aop-4.3.11.RELEASE.jar:/home/borrego/.gradle/caches/modules-2/files-2.1/org.springframework.security/spring-security-config/4.2.3.RELEASE/9f3771903616e33521836fd999d63efbfebf90d/spring-security-config-4.2.3.RELEASE.jar:/home/borrego/.gradle/caches/modules-2/files-2.1/org.springframework.security/spring-security-web/4.2.3.RELEASE/7a03e737484ca232d7146852f06d067ac21427ac/spring-security-web-4.2.3.RELEASE.jar:/home/borrego/.gradle/caches/modules-2/files-2.1/org.springframework.boot/spring-boot-test/1.5.7.RELEASE/b8d77445d48f4320f404d8f13f4e5cb95bc36b30/spring-boot-test-1.5.7.RELEASE.jar:/home/borrego/.gradle/caches/modules-2/files-2.1/org.springframework.boot/spring-boot-test-autoconfigure/1.5.7.RELEASE/8bead16b97c9f1b5fe7c47f3e030dd9351a6974d/spring-boot-test-autoconfigure-1.5.7.RELEASE.jar:/home/borrego/.gradle/caches/modules-2/files-2.1/com.jayway.jsonpath/json-path/2.2.0/22290d17944bd239fabf5ac69005a60a7ecbbbcb/json-path-2.2.0.jar:/home/borrego/.gradle/caches/modules-2/files-2.1/junit/junit/4.12/2973d150c0dc1fefe998f834810d68f278ea58ec/junit-4.12.jar:/home/borrego/.gradle/caches/modules-2/files-2.1/org.assertj/assertj-core/2.6.0/b532c3fc4f66bcfee4989a3514f1cd56203a33ad/assertj-core-2.6.0.jar:/home/borrego/.gradle/caches/modules-2/files-2.1/org.mockito/mockito-core/1.10.19/e8546f5bef4e061d8dd73895b4e8f40e3fe6effe/mockito-core-1.10.19.jar:/home/borrego/.gradle/caches/modules-2/files-2.1/org.hamcrest/hamcrest-core/1.3/42a25dc3219429f0e5d060061f71acb49bf010a0/hamcrest-core-1.3.jar:/home/borrego/.gradle/caches/modules-2/files-2.1/org.hamcrest/hamcrest-library/1.3/4785a3c21320980282f9f33d0d1264a69040538f/hamcrest-library-1.3.jar:/home/borrego/.gradle/caches/modules-2/files-2.1/org.skyscreamer/jsonassert/1.4.0/9cdbb373a06f6513e51e8c545ee6a5e981463edb/jsonassert-1.4.0.jar:/home/borrego/.gradle/caches/modules-2/files-2.1/org.springframework/spring-core/4.3.11.RELEASE/eb30ed093f628279d3aead068fd478fa343f1dad/spring-core-4.3.11.RELEASE.jar:/home/borrego/.gradle/caches/modules-2/files-2.1/org.springframework/spring-test/4.3.11.RELEASE/cf765b5d6d6bdc38c67522ecae3fe9549da43e1/spring-test-4.3.11.RELEASE.jar:/home/borrego/.gradle/caches/modules-2/files-2.1/org.springframework.boot/spring-boot/1.5.7.RELEASE/1006870df7b3dc203df7ce84463c5dd7049fdaa4/spring-boot-1.5.7.RELEASE.jar:/home/borrego/.gradle/caches/modules-2/files-2.1/org.springframework.boot/spring-boot-autoconfigure/1.5.7.RELEASE/e83f1407ff991e9e7eb156f49fa19d868bb73289/spring-boot-autoconfigure-1.5.7.RELEASE.jar:/home/borrego/.gradle/caches/modules-2/files-2.1/org.springframework.boot/spring-boot-starter-logging/1.5.7.RELEASE/c84c4ea09d7f789a0d5e936a961471e5dbd9295e/spring-boot-starter-logging-1.5.7.RELEASE.jar:/home/borrego/.gradle/caches/modules-2/files-2.1/org.yaml/snakeyaml/1.17/7a27ea250c5130b2922b86dea63cbb1cc10a660c/snakeyaml-1.17.jar:/home/borrego/.gradle/caches/modules-2/files-2.1/org.aspectj/aspectjweaver/1.8.10/e198c5fee28988c355f74e06461614eae36b2032/aspectjweaver-1.8.10.jar:/home/borrego/.gradle/caches/modules-2/files-2.1/org.apache.tomcat/tomcat-jdbc/8.5.20/10d0d288d837ddfc92096920e4571054a3934160/tomcat-jdbc-8.5.20.jar:/home/borrego/.gradle/caches/modules-2/files-2.1/org.springframework/spring-jdbc/4.3.11.RELEASE/642ed7497d327f299caccb930af6b65e229864c4/spring-jdbc-4.3.11.RELEASE.jar:/home/borrego/.gradle/caches/modules-2/files-2.1/org.jboss.logging/jboss-logging/3.3.1.Final/c46217ab74b532568c0ed31dc599db3048bd1b67/jboss-logging-3.3.1.Final.jar:/home/borrego/.gradle/caches/modules-2/files-2.1/org.hibernate.javax.persistence/hibernate-jpa-2.1-api/1.0.0.Final/5e731d961297e5a07290bfaf3db1fbc8bbbf405a/hibernate-jpa-2.1-api-1.0.0.Final.jar:/home/borrego/.gradle/caches/modules-2/files-2.1/org.javassist/javassist/3.21.0-GA/598244f595db5c5fb713731eddbb1c91a58d959b/javassist-3.21.0-GA.jar:/home/borrego/.gradle/caches/modules-2/files-2.1/antlr/antlr/2.7.7/83cd2cd674a217ade95a4bb83a8a14f351f48bd0/antlr-2.7.7.jar:/home/borrego/.gradle/caches/modules-2/files-2.1/org.jboss/jandex/2.0.0.Final/3e899258936f94649c777193e1be846387ed54b3/jandex-2.0.0.Final.jar:/home/borrego/.gradle/caches/modules-2/files-2.1/dom4j/dom4j/1.6.1/5d3ccc056b6f056dbf0dddfdf43894b9065a8f94/dom4j-1.6.1.jar:/home/borrego/.gradle/caches/modules-2/files-2.1/org.hibernate.common/hibernate-commons-annotations/5.0.1.Final/71e1cff3fcb20d3b3af4f3363c3ddb24d33c6879/hibernate-commons-annotations-5.0.1.Final.jar:/home/borrego/.gradle/caches/modules-2/files-2.1/org.springframework.data/spring-data-commons/1.13.7.RELEASE/cf4538abda1f0a9cf2323d6e4204df0130aeec73/spring-data-commons-1.13.7.RELEASE.jar:/home/borrego/.gradle/caches/modules-2/files-2.1/org.springframework/spring-orm/4.3.11.RELEASE/7ba1b25ad62b29295aa90ae88f9f35e84861953c/spring-orm-4.3.11.RELEASE.jar:/home/borrego/.gradle/caches/modules-2/files-2.1/org.springframework/spring-context/4.3.11.RELEASE/3efec2d7c7469d49108a2b21c3f15831f7297569/spring-context-4.3.11.RELEASE.jar:/home/borrego/.gradle/caches/modules-2/files-2.1/org.springframework/spring-tx/4.3.11.RELEASE/c931ee363d2269f03edfeb83d7d7fe23924ab8a1/spring-tx-4.3.11.RELEASE.jar:/home/borrego/.gradle/caches/modules-2/files-2.1/org.springframework/spring-beans/4.3.11.RELEASE/591cc35fd39292adae13f01aa13e978d0bb11936/spring-beans-4.3.11.RELEASE.jar:/home/borrego/.gradle/caches/modules-2/files-2.1/org.slf4j/slf4j-api/1.7.25/da76ca59f6a57ee3102f8f9bd9cee742973efa8a/slf4j-api-1.7.25.jar:/home/borrego/.gradle/caches/modules-2/files-2.1/org.slf4j/jcl-over-slf4j/1.7.25/f8c32b13ff142a513eeb5b6330b1588dcb2c0461/jcl-over-slf4j-1.7.25.jar:/home/borrego/.gradle/caches/modules-2/files-2.1/org.apache.tomcat.embed/tomcat-embed-core/8.5.20/b9026ee20f1f6a2b0fc3e51dd806d800901448b0/tomcat-embed-core-8.5.20.jar:/home/borrego/.gradle/caches/modules-2/files-2.1/org.apache.tomcat.embed/tomcat-embed-el/8.5.20/42960f481a8a80f4ffd3b865c2232820e3565bf1/tomcat-embed-el-8.5.20.jar:/home/borrego/.gradle/caches/modules-2/files-2.1/org.apache.tomcat.embed/tomcat-embed-websocket/8.5.20/4df9055507926a2651f691cc9964c50493a0ab29/tomcat-embed-websocket-8.5.20.jar:/home/borrego/.gradle/caches/modules-2/files-2.1/javax.validation/validation-api/1.1.0.Final/8613ae82954779d518631e05daa73a6a954817d5/validation-api-1.1.0.Final.jar:/home/borrego/.gradle/caches/modules-2/files-2.1/com.fasterxml/classmate/1.3.4/3d5f48f10bbe4eb7bd862f10c0583be2e0053c6/classmate-1.3.4.jar:/home/borrego/.gradle/caches/modules-2/files-2.1/com.fasterxml.jackson.core/jackson-annotations/2.8.0/45b426f7796b741035581a176744d91090e2e6fb/jackson-annotations-2.8.0.jar:/home/borrego/.gradle/caches/modules-2/files-2.1/com.fasterxml.jackson.core/jackson-core/2.8.10/eb21a035c66ad307e66ec8fce37f5d50fd62d039/jackson-core-2.8.10.jar:/home/borrego/.gradle/caches/modules-2/files-2.1/org.springframework/spring-expression/4.3.11.RELEASE/fca662a2fccdad90ec22b2aaecb021047dcbe249/spring-expression-4.3.11.RELEASE.jar:/home/borrego/.gradle/caches/modules-2/files-2.1/org.springframework.security/spring-security-core/4.2.3.RELEASE/5c0e47a47036c94d6fdd02696bf52be6d1adbd4d/spring-security-core-4.2.3.RELEASE.jar:/home/borrego/.gradle/caches/modules-2/files-2.1/net.minidev/json-smart/2.2.1/5b9e5df7a62d1279b70dc882b041d249c4f0b002/json-smart-2.2.1.jar:/home/borrego/.gradle/caches/modules-2/files-2.1/org.objenesis/objenesis/2.1/87c0ea803b69252868d09308b4618f766f135a96/objenesis-2.1.jar:/home/borrego/.gradle/caches/modules-2/files-2.1/com.vaadin.external.google/android-json/0.0.20131108.vaadin1/fa26d351fe62a6a17f5cda1287c1c6110dec413f/android-json-0.0.20131108.vaadin1.jar:/home/borrego/.gradle/caches/modules-2/files-2.1/ch.qos.logback/logback-classic/1.1.11/ccedfbacef4a6515d2983e3f89ed753d5d4fb665/logback-classic-1.1.11.jar:/home/borrego/.gradle/caches/modules-2/files-2.1/org.slf4j/jul-to-slf4j/1.7.25/af5364cd6679bfffb114f0dec8a157aaa283b76/jul-to-slf4j-1.7.25.jar:/home/borrego/.gradle/caches/modules-2/files-2.1/org.slf4j/log4j-over-slf4j/1.7.25/a87bb47468f47ee7aabbd54f93e133d4215769c3/log4j-over-slf4j-1.7.25.jar:/home/borrego/.gradle/caches/modules-2/files-2.1/org.apache.tomcat/tomcat-juli/8.5.20/6c0579d329696059f377585d2a51455bf083d9ee/tomcat-juli-8.5.20.jar:/home/borrego/.gradle/caches/modules-2/files-2.1/net.minidev/accessors-smart/1.1/a527213f2fea112a04c9bdf0ec0264e34104cd08/accessors-smart-1.1.jar:/home/borrego/.gradle/caches/modules-2/files-2.1/ch.qos.logback/logback-core/1.1.11/88b8df40340eed549fb07e2613879bf6b006704d/logback-core-1.1.11.jar:/home/borrego/.gradle/caches/modules-2/files-2.1/org.ow2.asm/asm/5.0.3/dcc2193db20e19e1feca8b1240dbbc4e190824fa/asm-5.0.3.jar, user.name=borrego, java.vm.specification.version=1.8, sun.java.command=worker.org.gradle.process.internal.worker.GradleWorkerMain 'Gradle Test Executor 1', java.home=/usr/lib/jvm/java-8-oracle/jre, sun.arch.data.model=64, user.language=es, java.specification.vendor=Oracle Corporation, awt.toolkit=sun.awt.X11.XToolkit, java.vm.info=mixed mode, java.version=1.8.0_144, java.ext.dirs=/usr/lib/jvm/java-8-oracle/jre/lib/ext:/usr/java/packages/lib/ext, sun.boot.class.path=/usr/lib/jvm/java-8-oracle/jre/lib/resources.jar:/usr/lib/jvm/java-8-oracle/jre/lib/rt.jar:/usr/lib/jvm/java-8-oracle/jre/lib/sunrsasign.jar:/usr/lib/jvm/java-8-oracle/jre/lib/jsse.jar:/usr/lib/jvm/java-8-oracle/jre/lib/jce.jar:/usr/lib/jvm/java-8-oracle/jre/lib/charsets.jar:/usr/lib/jvm/java-8-oracle/jre/lib/jfr.jar:/usr/lib/jvm/java-8-oracle/jre/classes, java.vendor=Oracle Corporation, org.gradle.test.worker=1, file.separator=/, java.vendor.url.bug=http://bugreport.sun.com/bugreport/, sun.io.unicode.encoding=UnicodeLittle, sun.cpu.endian=little, sun.desktop=gnome, sun.cpu.isalist=}}, SystemEnvironmentPropertySource@1380444454 {name='systemEnvironment', properties={PATH=/usr/local/sbin:/usr/local/bin:/usr/sbin:/usr/bin:/sbin:/bin:/usr/games:/usr/local/games:/snap/bin:/usr/lib/jvm/java-8-oracle/bin:/usr/lib/jvm/java-8-oracle/db/bin:/usr/lib/jvm/java-8-oracle/jre/bin, XAUTHORITY=/home/borrego/.Xauthority, INVOCATION_ID=dd04a09e624f4e30b2356f3f7019feb5, XMODIFIERS=@im=ibus, XDG_DATA_DIRS=/usr/share/ubuntu:/usr/local/share/:/usr/share/:/var/lib/snapd/desktop, GDMSESSION=ubuntu, MANDATORY_PATH=/usr/share/gconf/ubuntu.mandatory.path, GTK_IM_MODULE=ibus, DBUS_SESSION_BUS_ADDRESS=unix:path=/run/user/1000/bus, DEFAULTS_PATH=/usr/share/gconf/ubuntu.default.path, XDG_CURRENT_DESKTOP=Unity:Unity7, JOURNAL_STREAM=8:24371, LIBGL_ALWAYS_SOFTWARE=1, COLORTERM=truecolor, QT4_IM_MODULE=xim, QT_LINUX_ACCESSIBILITY_ALWAYS_ON=1, LOGNAME=borrego, PWD=/home/borrego/Documentos/tpv-BackEnd, MANAGERPID=1467, DERBY_HOME=/usr/lib/jvm/java-8-oracle/db, IM_CONFIG_PHASE=1, LANGUAGE=es, WINDOWID=65011718, SHELL=/bin/bash, LESSOPEN=| /usr/bin/lesspipe %s, GTK2_MODULES=overlay-scrollbar, J2SDKDIR=/usr/lib/jvm/java-8-oracle, OLDPWD=/home/borrego/Documentos/tpv-BackEnd, GNOME_DESKTOP_SESSION_ID=this-is-deprecated, GTK_MODULES=gail:atk-bridge, J2REDIR=/usr/lib/jvm/java-8-oracle/jre, CLUTTER_IM_MODULE=xim, XDG_SESSION_PATH=/org/freedesktop/DisplayManager/Session0, XDG_SESSION_DESKTOP=ubuntu, LS_COLORS=rs=0:di=01;34:ln=01;36:mh=00:pi=40;33:so=01;35:do=01;35:bd=40;33;01:cd=40;33;01:or=40;31;01:mi=00:su=37;41:sg=30;43:ca=30;41:tw=30;42:ow=34;42:st=37;44:ex=01;32:*.tar=01;31:*.tgz=01;31:*.arc=01;31:*.arj=01;31:*.taz=01;31:*.lha=01;31:*.lz4=01;31:*.lzh=01;31:*.lzma=01;31:*.tlz=01;31:*.txz=01;31:*.tzo=01;31:*.t7z=01;31:*.zip=01;31:*.z=01;31:*.Z=01;31:*.dz=01;31:*.gz=01;31:*.lrz=01;31:*.lz=01;31:*.lzo=01;31:*.xz=01;31:*.zst=01;31:*.tzst=01;31:*.bz2=01;31:*.bz=01;31:*.tbz=01;31:*.tbz2=01;31:*.tz=01;31:*.deb=01;31:*.rpm=01;31:*.jar=01;31:*.war=01;31:*.ear=01;31:*.sar=01;31:*.rar=01;31:*.alz=01;31:*.ace=01;31:*.zoo=01;31:*.cpio=01;31:*.7z=01;31:*.rz=01;31:*.cab=01;31:*.jpg=01;35:*.jpeg=01;35:*.mjpg=01;35:*.mjpeg=01;35:*.gif=01;35:*.bmp=01;35:*.pbm=01;35:*.pgm=01;35:*.ppm=01;35:*.tga=01;35:*.xbm=01;35:*.xpm=01;35:*.tif=01;35:*.tiff=01;35:*.png=01;35:*.svg=01;35:*.svgz=01;35:*.mng=01;35:*.pcx=01;35:*.mov=01;35:*.mpg=01;35:*.mpeg=01;35:*.m2v=01;35:*.mkv=01;35:*.webm=01;35:*.ogm=01;35:*.mp4=01;35:*.m4v=01;35:*.mp4v=01;35:*.vob=01;35:*.qt=01;35:*.nuv=01;35:*.wmv=01;35:*.asf=01;35:*.rm=01;35:*.rmvb=01;35:*.flc=01;35:*.avi=01;35:*.fli=01;35:*.flv=01;35:*.gl=01;35:*.dl=01;35:*.xcf=01;35:*.xwd=01;35:*.yuv=01;35:*.cgm=01;35:*.emf=01;35:*.ogv=01;35:*.ogx=01;35:*.aac=00;36:*.au=00;36:*.flac=00;36:*.m4a=00;36:*.mid=00;36:*.midi=00;36:*.mka=00;36:*.mp3=00;36:*.mpc=00;36:*.ogg=00;36:*.ra=00;36:*.wav=00;36:*.oga=00;36:*.opus=00;36:*.spx=00;36:*.xspf=00;36:, SSH_AGENT_LAUNCHER=gnome-keyring, SHLVL=2, LESSCLOSE=/usr/bin/lesspipe %s %s, COMPIZ_CONFIG_PROFILE=ubuntu, QT_IM_MODULE=ibus, JAVA_HOME=/usr/lib/jvm/java-8-oracle, TERM=xterm-256color, XFILESEARCHPATH=/usr/dt/app-defaults/%L/Dt, XDG_CONFIG_DIRS=/etc/xdg/xdg-ubuntu:/etc/xdg, LANG=es_ES.UTF-8, XDG_SEAT_PATH=/org/freedesktop/DisplayManager/Seat0, XDG_SESSION_TYPE=x11, DISPLAY=:0, _=./gradlew, GDM_LANG=es, XDG_GREETER_DATA_DIR=/var/lib/lightdm-data/borrego, DESKTOP_SESSION=ubuntu, USER=borrego, VTE_VERSION=4402, QT_ACCESSIBILITY=1, SSH_AUTH_SOCK=/run/user/1000/keyring/ssh, NLSPATH=/usr/dt/lib/nls/msg/%L/%N.cat, XDG_RUNTIME_DIR=/run/user/1000, HOME=/home/borrego}}]
12:36:28.005 [Test worker] DEBUG org.springframework.core.env.MutablePropertySources - Adding PropertySource 'inline' with highest search precedence
12:36:28.008 [Test worker] DEBUG org.springframework.test.context.support.TestPropertySourceUtils - Adding inlined properties to environment: {spring.jmx.enabled=false, org.springframework.boot.test.context.SpringBootTestContextBootstrapper=true, server.port=-1}
12:36:28.009 [Test worker] DEBUG org.springframework.core.env.StandardEnvironment - Adding PropertySource 'Inlined Test Properties' with highest search precedence

  .   ____          _            __ _ _
 /\\ / ___'_ __ _ _(_)_ __  __ _ \ \ \ \
( ( )\___ | '_ | '_| | '_ \/ _` | \ \ \ \
 \\/  ___)| |_)| | | | | || (_| |  ) ) ) )
  '  |____| .__|_| |_|_| |_\__, | / / / /
 =========|_|==============|___/=/_/_/_/
 :: Spring Boot ::        (v1.5.7.RELEASE)

2017-09-24 12:36:28.244  INFO 22621 --- [    Test worker] c.p.t.TpvBackEndApplicationTests         : Starting TpvBackEndApplicationTests on borrego-PC with PID 22621 (started by borrego in /home/borrego/Documentos/tpv-BackEnd)
2017-09-24 12:36:28.245  INFO 22621 --- [    Test worker] c.p.t.TpvBackEndApplicationTests         : The following profiles are active: local
2017-09-24 12:36:28.270  INFO 22621 --- [    Test worker] o.s.w.c.s.GenericWebApplicationContext   : Refreshing org.springframework.web.context.support.GenericWebApplicationContext@1bd647b: startup date [Sun Sep 24 12:36:28 CEST 2017]; root of context hierarchy
2017-09-24 12:36:29.535  INFO 22621 --- [    Test worker] j.LocalContainerEntityManagerFactoryBean : Building JPA container EntityManagerFactory for persistence unit 'default'
2017-09-24 12:36:29.547  INFO 22621 --- [    Test worker] o.hibernate.jpa.internal.util.LogHelper  : HHH000204: Processing PersistenceUnitInfo [
	name: default
	...]
2017-09-24 12:36:29.593  INFO 22621 --- [    Test worker] org.hibernate.Version                    : HHH000412: Hibernate Core {5.0.12.Final}
2017-09-24 12:36:29.594  INFO 22621 --- [    Test worker] org.hibernate.cfg.Environment            : HHH000206: hibernate.properties not found
2017-09-24 12:36:29.596  INFO 22621 --- [    Test worker] org.hibernate.cfg.Environment            : HHH000021: Bytecode provider name : javassist
2017-09-24 12:36:29.622  INFO 22621 --- [    Test worker] o.hibernate.annotations.common.Version   : HCANN000001: Hibernate Commons Annotations {5.0.1.Final}
2017-09-24 12:36:29.788  INFO 22621 --- [    Test worker] org.hibernate.dialect.Dialect            : HHH000400: Using dialect: org.hibernate.dialect.MySQL5Dialect
2017-09-24 12:36:30.161  INFO 22621 --- [    Test worker] org.hibernate.tool.hbm2ddl.SchemaUpdate  : HHH000228: Running hbm2ddl schema update
2017-09-24 12:36:30.277  INFO 22621 --- [    Test worker] j.LocalContainerEntityManagerFactoryBean : Initialized JPA EntityManagerFactory for persistence unit 'default'
2017-09-24 12:36:30.847  INFO 22621 --- [    Test worker] s.w.s.m.m.a.RequestMappingHandlerAdapter : Looking for @ControllerAdvice: org.springframework.web.context.support.GenericWebApplicationContext@1bd647b: startup date [Sun Sep 24 12:36:28 CEST 2017]; root of context hierarchy
2017-09-24 12:36:30.899  INFO 22621 --- [    Test worker] s.w.s.m.m.a.RequestMappingHandlerMapping : Mapped "{[/restaurantChain],methods=[GET]}" onto public org.springframework.data.domain.Page<com.pbg.tpvBackEnd.dto.RestaurantChainDto> com.pbg.tpvBackEnd.controller.RestaurantChainController.findByName(java.lang.String,java.lang.Integer,java.lang.Integer)
2017-09-24 12:36:30.899  INFO 22621 --- [    Test worker] s.w.s.m.m.a.RequestMappingHandlerMapping : Mapped "{[/restaurantChain],methods=[POST]}" onto public com.pbg.tpvBackEnd.dto.RestaurantChainDto com.pbg.tpvBackEnd.controller.RestaurantChainController.create(com.pbg.tpvBackEnd.dto.RestaurantChainPostDto)
2017-09-24 12:36:30.901  INFO 22621 --- [    Test worker] s.w.s.m.m.a.RequestMappingHandlerMapping : Mapped "{[/error],produces=[text/html]}" onto public org.springframework.web.servlet.ModelAndView org.springframework.boot.autoconfigure.web.BasicErrorController.errorHtml(javax.servlet.http.HttpServletRequest,javax.servlet.http.HttpServletResponse)
2017-09-24 12:36:30.901  INFO 22621 --- [    Test worker] s.w.s.m.m.a.RequestMappingHandlerMapping : Mapped "{[/error]}" onto public org.springframework.http.ResponseEntity<java.util.Map<java.lang.String, java.lang.Object>> org.springframework.boot.autoconfigure.web.BasicErrorController.error(javax.servlet.http.HttpServletRequest)
2017-09-24 12:36:30.924  INFO 22621 --- [    Test worker] o.s.w.s.handler.SimpleUrlHandlerMapping  : Mapped URL path [/webjars/**] onto handler of type [class org.springframework.web.servlet.resource.ResourceHttpRequestHandler]
2017-09-24 12:36:30.924  INFO 22621 --- [    Test worker] o.s.w.s.handler.SimpleUrlHandlerMapping  : Mapped URL path [/**] onto handler of type [class org.springframework.web.servlet.resource.ResourceHttpRequestHandler]
2017-09-24 12:36:30.975  INFO 22621 --- [    Test worker] o.s.w.s.handler.SimpleUrlHandlerMapping  : Mapped URL path [/**/favicon.ico] onto handler of type [class org.springframework.web.servlet.resource.ResourceHttpRequestHandler]
2017-09-24 12:36:31.153  INFO 22621 --- [    Test worker] b.a.s.AuthenticationManagerConfiguration : 

Using default security password: 94a20a6b-a1ec-4e53-ac54-f0aa2ec93c24

2017-09-24 12:36:31.185  INFO 22621 --- [    Test worker] o.s.s.web.DefaultSecurityFilterChain     : Creating filter chain: OrRequestMatcher [requestMatchers=[Ant [pattern='/css/**'], Ant [pattern='/js/**'], Ant [pattern='/images/**'], Ant [pattern='/webjars/**'], Ant [pattern='/**/favicon.ico'], Ant [pattern='/error']]], []
2017-09-24 12:36:31.229  INFO 22621 --- [    Test worker] o.s.s.web.DefaultSecurityFilterChain     : Creating filter chain: OrRequestMatcher [requestMatchers=[Ant [pattern='/**']]], [org.springframework.security.web.context.request.async.WebAsyncManagerIntegrationFilter@78c65abc, org.springframework.security.web.context.SecurityContextPersistenceFilter@467c6a1d, org.springframework.security.web.header.HeaderWriterFilter@7dacfc39, org.springframework.security.web.authentication.logout.LogoutFilter@17b98758, org.springframework.security.web.authentication.www.BasicAuthenticationFilter@10ee1771, org.springframework.security.web.savedrequest.RequestCacheAwareFilter@6c317b01, org.springframework.security.web.servletapi.SecurityContextHolderAwareRequestFilter@77c23469, org.springframework.security.web.authentication.AnonymousAuthenticationFilter@19eee0bd, org.springframework.security.web.session.SessionManagementFilter@3641b3b9, org.springframework.security.web.access.ExceptionTranslationFilter@286fa1a8, org.springframework.security.web.access.intercept.FilterSecurityInterceptor@6c25de11]
2017-09-24 12:36:31.360  INFO 22621 --- [    Test worker] c.p.t.TpvBackEndApplicationTests         : Started TpvBackEndApplicationTests in 3.346 seconds (JVM running for 3.965)
]]></system-out>
  <system-err><![CDATA[]]></system-err>
</testsuite>
